<?xml version="1.0" encoding="UTF-8"?>
<!-- Generated by org.testng.reporters.JUnitReportReporter -->
<testsuite skipped="0" hostname="LAPTOP-ULDPTUOA" name="com.qa.APITestCases.APIGetMethodTestcase" tests="1" failures="0" timestamp="23 May 2020 18:49:07 GMT" time="1.028" errors="0">
  <testcase name="restapicall" time="1.028" classname="com.qa.APITestCases.APIGetMethodTestcase"/>
</testsuite> <!-- com.qa.APITestCases.APIGetMethodTestcase -->
